生成启动时间为 2019-03-25  22:45:40。
     1>项目“F:\c_projects\LinkListSort\LinkListSort\LinkListSort.vcxproj”在节点 2 上(build 个目标)。
     1>InitializeBuildStatus:
         正在创建“Debug\LinkListSort.unsuccessfulbuild”，因为已指定“AlwaysCreate”。
       ClCompile:
         E:\Program Files (x86)\Microsoft Visual Studio 10.0\VC\bin\CL.exe /c /ZI /nologo /W3 /WX- /Od /Oy- /D WIN32 /D _DEBUG /D _CONSOLE /D _UNICODE /D UNICODE /Gm /EHsc /RTC1 /MDd /GS /fp:precise /Zc:wchar_t /Zc:forScope /Fo"Debug\\" /Fd"Debug\vc100.pdb" /Gd /TP /analyze- /errorReport:prompt LinkListSort.cpp
         LinkListSort.cpp
       ManifestResourceCompile:
         所有输出均为最新。
       Link:
         E:\Program Files (x86)\Microsoft Visual Studio 10.0\VC\bin\link.exe /ERRORREPORT:PROMPT /OUT:"F:\c_projects\LinkListSort\Debug\LinkListSort.exe" /INCREMENTAL /NOLOGO kernel32.lib user32.lib gdi32.lib winspool.lib comdlg32.lib advapi32.lib shell32.lib ole32.lib oleaut32.lib uuid.lib odbc32.lib odbccp32.lib /MANIFEST /ManifestFile:"Debug\LinkListSort.exe.intermediate.manifest" /MANIFESTUAC:"level='asInvoker' uiAccess='false'" /DEBUG /PDB:"F:\c_projects\LinkListSort\Debug\LinkListSort.pdb" /SUBSYSTEM:CONSOLE /TLBID:1 /DYNAMICBASE /NXCOMPAT /IMPLIB:"F:\c_projects\LinkListSort\Debug\LinkListSort.lib" /MACHINE:X86 Debug\LinkListSort.exe.embed.manifest.res
         Debug\LinkListSort.obj
       Manifest:
         C:\Program Files (x86)\Microsoft SDKs\Windows\v7.0A\bin\mt.exe /nologo /verbose /out:"Debug\LinkListSort.exe.embed.manifest" /manifest Debug\LinkListSort.exe.intermediate.manifest
         所有输出均为最新。
       LinkEmbedManifest:
         所有输出均为最新。
         LinkListSort.vcxproj -> F:\c_projects\LinkListSort\Debug\LinkListSort.exe
       FinalizeBuildStatus:
         正在删除文件“Debug\LinkListSort.unsuccessfulbuild”。
         正在对“Debug\LinkListSort.lastbuildstate”执行 Touch 任务。
     1>已完成生成项目“F:\c_projects\LinkListSort\LinkListSort\LinkListSort.vcxproj”(build 个目标)的操作。

生成成功。

已用时间 00:00:01.55
